# JRE version: OpenJDK Runtime Environment Temurin-21.0.10+7 (21.0.10+7) (build 21.0.10+7-LTS)
# Java VM: OpenJDK 64-Bit Server VM Temurin-21.0.10+7 (21.0.10+7-LTS, mixed mode, sharing, tiered, compressed oops, compressed class ptrs, parallel gc, windows-amd64)
GC Precious Log:
 CardTable entry size: 512
 CPUs: 8 total, 8 available
 Memory: 16190M
 Large Page Support: Disabled
 NUMA Support: Disabled
 Compressed Oops: Enabled (32-bit)
 Alignments: Space 512K, Generation 512K, Heap 2M
 Heap Min Capacity: 100M
 Heap Initial Capacity: 100M
 Heap Max Capacity: 2G
 Pre-touch: Disabled
 Parallel Workers: 8
Heap:
 PSYoungGen      total 5120K, used 3859K [0x00000000d5580000, 0x00000000d5c80000, 0x0000000100000000)
  eden space 4608K, 72% used [0x00000000d5580000,0x00000000d58c70c0,0x00000000d5a00000)
  from space 512K, 98% used [0x00000000d5b80000,0x00000000d5bfdcc8,0x00000000d5c00000)
  to   space 512K, 0% used [0x00000000d5c00000,0x00000000d5c00000,0x00000000d5c80000)
 ParOldGen       total 421888K, used 124242K [0x0000000080000000, 0x0000000099c00000, 0x00000000d5580000)
  object space 421888K, 29% used [0x0000000080000000,0x00000000879548c8,0x0000000099c00000)
 Metaspace       used 87413K, committed 88960K, reserved 1179648K
  class space    used 9001K, committed 9664K, reserved 1048576K
GC Heap History (20 events):
Event: 3953.632 GC heap before
{Heap before GC invocations=1417 (full 5):
 PSYoungGen      total 6656K, used 5331K [0x00000000d5580000, 0x00000000d5f00000, 0x0000000100000000)
  eden space 5120K, 93% used [0x00000000d5580000,0x00000000d5a2ccb8,0x00000000d5a80000)
  from space 1536K, 35% used [0x00000000d5c00000,0x00000000d5c88000,0x00000000d5d80000)
  to   space 1024K, 0% used [0x00000000d5e00000,0x00000000d5e00000,0x00000000d5f00000)
 ParOldGen       total 421888K, used 116710K [0x0000000080000000, 0x0000000099c00000, 0x00000000d5580000)
  object space 421888K, 27% used [0x0000000080000000,0x00000000871f9b78,0x0000000099c00000)
 Metaspace       used 85038K, committed 86848K, reserved 1179648K
  class space    used 8646K, committed 9408K, reserved 1048576K
}
Event: 3953.633 GC heap after
{Heap after GC invocations=1417 (full 5):
 PSYoungGen      total 5632K, used 160K [0x00000000d5580000, 0x00000000d5e80000, 0x0000000100000000)
  eden space 5120K, 0% used [0x00000000d5580000,0x00000000d5580000,0x00000000d5a80000)
  from space 512K, 31% used [0x00000000d5e00000,0x00000000d5e28000,0x00000000d5e80000)
  to   space 512K, 0% used [0x00000000d5d80000,0x00000000d5d80000,0x00000000d5e00000)
 ParOldGen       total 421888K, used 117166K [0x0000000080000000, 0x0000000099c00000, 0x00000000d5580000)
  object space 421888K, 27% used [0x0000000080000000,0x000000008726bb78,0x0000000099c00000)
 Metaspace       used 85038K, committed 86848K, reserved 1179648K
  class space    used 8646K, committed 9408K, reserved 1048576K
}
Event: 3953.648 GC heap before
{Heap before GC invocations=1418 (full 5):
 PSYoungGen      total 5632K, used 4368K [0x00000000d5580000, 0x00000000d5e80000, 0x0000000100000000)
  eden space 5120K, 82% used [0x00000000d5580000,0x00000000d599c2f8,0x00000000d5a80000)
  from space 512K, 31% used [0x00000000d5e00000,0x00000000d5e28000,0x00000000d5e80000)
  to   space 512K, 0% used [0x00000000d5d80000,0x00000000d5d80000,0x00000000d5e00000)
 ParOldGen       total 421888K, used 117166K [0x0000000080000000, 0x0000000099c00000, 0x00000000d5580000)
  object space 421888K, 27% used [0x0000000080000000,0x000000008726bb78,0x0000000099c00000)
 Metaspace       used 85038K, committed 86848K, reserved 1179648K
  class space    used 8646K, committed 9408K, reserved 1048576K
}
Event: 3953.649 GC heap after
{Heap after GC invocations=1418 (full 5):
 PSYoungGen      total 5632K, used 192K [0x00000000d5580000, 0x00000000d5e80000, 0x0000000100000000)
  eden space 5120K, 0% used [0x00000000d5580000,0x00000000d5580000,0x00000000d5a80000)
  from space 512K, 37% used [0x00000000d5d80000,0x00000000d5db0000,0x00000000d5e00000)
  to   space 512K, 0% used [0x00000000d5e00000,0x00000000d5e00000,0x00000000d5e80000)
 ParOldGen       total 421888K, used 117245K [0x0000000080000000, 0x0000000099c00000, 0x00000000d5580000)
  object space 421888K, 27% used [0x0000000080000000,0x000000008727f5b8,0x0000000099c00000)
 Metaspace       used 85038K, committed 86848K, reserved 1179648K
  class space    used 8646K, committed 9408K, reserved 1048576K
}
Event: 3953.679 GC heap before
{Heap before GC invocations=1419 (full 5):
 PSYoungGen      total 5632K, used 5301K [0x00000000d5580000, 0x00000000d5e80000, 0x0000000100000000)
  eden space 5120K, 99% used [0x00000000d5580000,0x00000000d5a7d7d0,0x00000000d5a80000)
  from space 512K, 37% used [0x00000000d5d80000,0x00000000d5db0000,0x00000000d5e00000)
  to   space 512K, 0% used [0x00000000d5e00000,0x00000000d5e00000,0x00000000d5e80000)
 ParOldGen       total 421888K, used 117245K [0x0000000080000000, 0x0000000099c00000, 0x00000000d5580000)
  object space 421888K, 27% used [0x0000000080000000,0x000000008727f5b8,0x0000000099c00000)
 Metaspace       used 85038K, committed 86848K, reserved 1179648K
  class space    used 8646K, committed 9408K, reserved 1048576K
}
Event: 3953.683 GC heap after
{Heap after GC invocations=1419 (full 5):
 PSYoungGen      total 5120K, used 512K [0x00000000d5580000, 0x00000000d6280000, 0x0000000100000000)
  eden space 4608K, 0% used [0x00000000d5580000,0x00000000d5580000,0x00000000d5a00000)
  from space 512K, 100% used [0x00000000d5e00000,0x00000000d5e80000,0x00000000d5e80000)
  to   space 4096K, 0% used [0x00000000d5a00000,0x00000000d5a00000,0x00000000d5e00000)
 ParOldGen       total 421888K, used 120223K [0x0000000080000000, 0x0000000099c00000, 0x00000000d5580000)
  object space 421888K, 28% used [0x0000000080000000,0x0000000087567e08,0x0000000099c00000)
 Metaspace       used 85038K, committed 86848K, reserved 1179648K
  class space    used 8646K, committed 9408K, reserved 1048576K
}
Event: 3953.743 GC heap before
{Heap before GC invocations=1420 (full 5):
 PSYoungGen      total 5120K, used 5049K [0x00000000d5580000, 0x00000000d6280000, 0x0000000100000000)
  eden space 4608K, 98% used [0x00000000d5580000,0x00000000d59ee538,0x00000000d5a00000)
  from space 512K, 100% used [0x00000000d5e00000,0x00000000d5e80000,0x00000000d5e80000)
  to   space 4096K, 0% used [0x00000000d5a00000,0x00000000d5a00000,0x00000000d5e00000)
 ParOldGen       total 421888K, used 120223K [0x0000000080000000, 0x0000000099c00000, 0x00000000d5580000)
  object space 421888K, 28% used [0x0000000080000000,0x0000000087567e08,0x0000000099c00000)
 Metaspace       used 85038K, committed 86848K, reserved 1179648K
  class space    used 8646K, committed 9408K, reserved 1048576K
}
Event: 3953.745 GC heap after
{Heap after GC invocations=1420 (full 5):
 PSYoungGen      total 6656K, used 1834K [0x00000000d5580000, 0x00000000d5f00000, 0x0000000100000000)
  eden space 4608K, 0% used [0x00000000d5580000,0x00000000d5580000,0x00000000d5a00000)
  from space 2048K, 89% used [0x00000000d5a00000,0x00000000d5bca8f0,0x00000000d5c00000)
  to   space 2560K, 0% used [0x00000000d5c80000,0x00000000d5c80000,0x00000000d5f00000)
 ParOldGen       total 421888K, used 120668K [0x0000000080000000, 0x0000000099c00000, 0x00000000d5580000)
  object space 421888K, 28% used [0x0000000080000000,0x00000000875d7358,0x0000000099c00000)
 Metaspace       used 85038K, committed 86848K, reserved 1179648K
  class space    used 8646K, committed 9408K, reserved 1048576K
}
Event: 3953.759 GC heap before
{Heap before GC invocations=1421 (full 5):
 PSYoungGen      total 6656K, used 6442K [0x00000000d5580000, 0x00000000d5f00000, 0x0000000100000000)
  eden space 4608K, 100% used [0x00000000d5580000,0x00000000d5a00000,0x00000000d5a00000)
  from space 2048K, 89% used [0x00000000d5a00000,0x00000000d5bca8f0,0x00000000d5c00000)
  to   space 2560K, 0% used [0x00000000d5c80000,0x00000000d5c80000,0x00000000d5f00000)
 ParOldGen       total 421888K, used 120668K [0x0000000080000000, 0x0000000099c00000, 0x00000000d5580000)
  object space 421888K, 28% used [0x0000000080000000,0x00000000875d7358,0x0000000099c00000)
 Metaspace       used 85038K, committed 86848K, reserved 1179648K
  class space    used 8646K, committed 9408K, reserved 1048576K
}
Event: 3953.761 GC heap after
{Heap after GC invocations=1421 (full 5):
 PSYoungGen      total 5120K, used 320K [0x00000000d5580000, 0x00000000d5d00000, 0x0000000100000000)
  eden space 4608K, 0% used [0x00000000d5580000,0x00000000d5580000,0x00000000d5a00000)
  from space 512K, 62% used [0x00000000d5c80000,0x00000000d5cd0000,0x00000000d5d00000)
  to   space 1024K, 0% used [0x00000000d5b00000,0x00000000d5b00000,0x00000000d5c00000)
 ParOldGen       total 421888K, used 120692K [0x0000000080000000, 0x0000000099c00000, 0x00000000d5580000)
  object space 421888K, 28% used [0x0000000080000000,0x00000000875dd358,0x0000000099c00000)
 Metaspace       used 85038K, committed 86848K, reserved 1179648K
  class space    used 8646K, committed 9408K, reserved 1048576K
}
Event: 3953.940 GC heap before
{Heap before GC invocations=1422 (full 5):
 PSYoungGen      total 5120K, used 4927K [0x00000000d5580000, 0x00000000d5d00000, 0x0000000100000000)
  eden space 4608K, 99% used [0x00000000d5580000,0x00000000d59ffff8,0x00000000d5a00000)
  from space 512K, 62% used [0x00000000d5c80000,0x00000000d5cd0000,0x00000000d5d00000)
  to   space 1024K, 0% used [0x00000000d5b00000,0x00000000d5b00000,0x00000000d5c00000)
 ParOldGen       total 421888K, used 120692K [0x0000000080000000, 0x0000000099c00000, 0x00000000d5580000)
  object space 421888K, 28% used [0x0000000080000000,0x00000000875dd358,0x0000000099c00000)
 Metaspace       used 85481K, committed 87168K, reserved 1179648K
  class space    used 8712K, committed 9472K, reserved 1048576K
}
Event: 3953.942 GC heap after
{Heap after GC invocations=1422 (full 5):
 PSYoungGen      total 5632K, used 633K [0x00000000d5580000, 0x00000000d5d00000, 0x0000000100000000)
  eden space 4608K, 0% used [0x00000000d5580000,0x00000000d5580000,0x00000000d5a00000)
  from space 1024K, 61% used [0x00000000d5b00000,0x00000000d5b9e470,0x00000000d5c00000)
  to   space 1024K, 0% used [0x00000000d5c00000,0x00000000d5c00000,0x00000000d5d00000)
 ParOldGen       total 421888K, used 120924K [0x0000000080000000, 0x0000000099c00000, 0x00000000d5580000)
  object space 421888K, 28% used [0x0000000080000000,0x0000000087617358,0x0000000099c00000)
 Metaspace       used 85481K, committed 87168K, reserved 1179648K
  class space    used 8712K, committed 9472K, reserved 1048576K
}
Event: 3953.994 GC heap before
{Heap before GC invocations=1423 (full 5):
 PSYoungGen      total 5632K, used 5240K [0x00000000d5580000, 0x00000000d5d00000, 0x0000000100000000)
  eden space 4608K, 99% used [0x00000000d5580000,0x00000000d59fff70,0x00000000d5a00000)
  from space 1024K, 61% used [0x00000000d5b00000,0x00000000d5b9e470,0x00000000d5c00000)
  to   space 1024K, 0% used [0x00000000d5c00000,0x00000000d5c00000,0x00000000d5d00000)
 ParOldGen       total 421888K, used 120924K [0x0000000080000000, 0x0000000099c00000, 0x00000000d5580000)
  object space 421888K, 28% used [0x0000000080000000,0x0000000087617358,0x0000000099c00000)
 Metaspace       used 85862K, committed 87360K, reserved 1179648K
  class space    used 8807K, committed 9472K, reserved 1048576K
}
Event: 3953.997 GC heap after
{Heap after GC invocations=1423 (full 5):
 PSYoungGen      total 5632K, used 544K [0x00000000d5580000, 0x00000000d5d00000, 0x0000000100000000)
  eden space 4608K, 0% used [0x00000000d5580000,0x00000000d5580000,0x00000000d5a00000)
  from space 1024K, 53% used [0x00000000d5c00000,0x00000000d5c88020,0x00000000d5d00000)
  to   space 1024K, 0% used [0x00000000d5b00000,0x00000000d5b00000,0x00000000d5c00000)
 ParOldGen       total 421888K, used 121427K [0x0000000080000000, 0x0000000099c00000, 0x00000000d5580000)
  object space 421888K, 28% used [0x0000000080000000,0x0000000087694ec0,0x0000000099c00000)
 Metaspace       used 85862K, committed 87360K, reserved 1179648K
  class space    used 8807K, committed 9472K, reserved 1048576K
}
Event: 3954.198 GC heap before
{Heap before GC invocations=1424 (full 5):
 PSYoungGen      total 5632K, used 5152K [0x00000000d5580000, 0x00000000d5d00000, 0x0000000100000000)
  eden space 4608K, 100% used [0x00000000d5580000,0x00000000d5a00000,0x00000000d5a00000)
  from space 1024K, 53% used [0x00000000d5c00000,0x00000000d5c88020,0x00000000d5d00000)
  to   space 1024K, 0% used [0x00000000d5b00000,0x00000000d5b00000,0x00000000d5c00000)
 ParOldGen       total 421888K, used 121427K [0x0000000080000000, 0x0000000099c00000, 0x00000000d5580000)
  object space 421888K, 28% used [0x0000000080000000,0x0000000087694ec0,0x0000000099c00000)
 Metaspace       used 86519K, committed 88000K, reserved 1179648K
  class space    used 8895K, committed 9536K, reserved 1048576K
}
Event: 3954.200 GC heap after
{Heap after GC invocations=1424 (full 5):
 PSYoungGen      total 5632K, used 256K [0x00000000d5580000, 0x00000000d5c80000, 0x0000000100000000)
  eden space 4608K, 0% used [0x00000000d5580000,0x00000000d5580000,0x00000000d5a00000)
  from space 1024K, 25% used [0x00000000d5b00000,0x00000000d5b40000,0x00000000d5c00000)
  to   space 512K, 0% used [0x00000000d5c00000,0x00000000d5c00000,0x00000000d5c80000)
 ParOldGen       total 421888K, used 121914K [0x0000000080000000, 0x0000000099c00000, 0x00000000d5580000)
  object space 421888K, 28% used [0x0000000080000000,0x000000008770e930,0x0000000099c00000)
 Metaspace       used 86519K, committed 88000K, reserved 1179648K
  class space    used 8895K, committed 9536K, reserved 1048576K
}
Event: 3954.650 GC heap before
{Heap before GC invocations=1425 (full 5):
 PSYoungGen      total 5632K, used 4863K [0x00000000d5580000, 0x00000000d5c80000, 0x0000000100000000)
  eden space 4608K, 99% used [0x00000000d5580000,0x00000000d59fffd0,0x00000000d5a00000)
  from space 1024K, 25% used [0x00000000d5b00000,0x00000000d5b40000,0x00000000d5c00000)
  to   space 512K, 0% used [0x00000000d5c00000,0x00000000d5c00000,0x00000000d5c80000)
 ParOldGen       total 421888K, used 121914K [0x0000000080000000, 0x0000000099c00000, 0x00000000d5580000)
  object space 421888K, 28% used [0x0000000080000000,0x000000008770e930,0x0000000099c00000)
 Metaspace       used 86901K, committed 88384K, reserved 1179648K
  class space    used 8945K, committed 9600K, reserved 1048576K
}
Event: 3954.652 GC heap after
{Heap after GC invocations=1425 (full 5):
 PSYoungGen      total 5120K, used 256K [0x00000000d5580000, 0x00000000d5c80000, 0x0000000100000000)
  eden space 4608K, 0% used [0x00000000d5580000,0x00000000d5580000,0x00000000d5a00000)
  from space 512K, 50% used [0x00000000d5c00000,0x00000000d5c40000,0x00000000d5c80000)
  to   space 512K, 0% used [0x00000000d5b80000,0x00000000d5b80000,0x00000000d5c00000)
 ParOldGen       total 421888K, used 122026K [0x0000000080000000, 0x0000000099c00000, 0x00000000d5580000)
  object space 421888K, 28% used [0x0000000080000000,0x000000008772a930,0x0000000099c00000)
 Metaspace       used 86901K, committed 88384K, reserved 1179648K
  class space    used 8945K, committed 9600K, reserved 1048576K
}
Event: 3954.807 GC heap before
{Heap before GC invocations=1426 (full 5):
 PSYoungGen      total 5120K, used 4864K [0x00000000d5580000, 0x00000000d5c80000, 0x0000000100000000)
  eden space 4608K, 100% used [0x00000000d5580000,0x00000000d5a00000,0x00000000d5a00000)
  from space 512K, 50% used [0x00000000d5c00000,0x00000000d5c40000,0x00000000d5c80000)
  to   space 512K, 0% used [0x00000000d5b80000,0x00000000d5b80000,0x00000000d5c00000)
 ParOldGen       total 421888K, used 122026K [0x0000000080000000, 0x0000000099c00000, 0x00000000d5580000)
  object space 421888K, 28% used [0x0000000080000000,0x000000008772a930,0x0000000099c00000)
 Metaspace       used 87225K, committed 88832K, reserved 1179648K
  class space    used 8978K, committed 9664K, reserved 1048576K
}
Event: 3954.810 GC heap after
{Heap after GC invocations=1426 (full 5):
 PSYoungGen      total 5120K, used 503K [0x00000000d5580000, 0x00000000d5c80000, 0x0000000100000000)
  eden space 4608K, 0% used [0x00000000d5580000,0x00000000d5580000,0x00000000d5a00000)
  from space 512K, 98% used [0x00000000d5b80000,0x00000000d5bfdcc8,0x00000000d5c00000)
  to   space 512K, 0% used [0x00000000d5c00000,0x00000000d5c00000,0x00000000d5c80000)
 ParOldGen       total 421888K, used 124242K [0x0000000080000000, 0x0000000099c00000, 0x00000000d5580000)
  object space 421888K, 29% used [0x0000000080000000,0x00000000879548c8,0x0000000099c00000)
 Metaspace       used 87225K, committed 88832K, reserved 1179648K
  class space    used 8978K, committed 9664K, reserved 1048576K
}

